2013-12-11 12:49:15,675 - [INFO] - from play in pool-398-thread-4 
Listening for HTTP on /0:0:0:0:0:0:0:0:9000

2013-12-11 12:49:30,636 - [ERROR] - from application in New I/O worker #1 


! @6gh3ggmal - Internal server error, for (GET) [/streamInvites] ->

play.PlayExceptions$CompilationException: Compilation error[not enough arguments for method getStreamInvites: (streamId: String)play.api.mvc.Action[play.api.mvc.AnyContent].
Unspecified value parameter streamId.]
	at play.PlayReloader$$anon$1$$anonfun$reload$2$$anonfun$apply$14$$anonfun$apply$16.apply(PlayReloader.scala:304) ~[na:na]
	at play.PlayReloader$$anon$1$$anonfun$reload$2$$anonfun$apply$14$$anonfun$apply$16.apply(PlayReloader.scala:304) ~[na:na]
	at scala.Option.map(Option.scala:145) ~[scala-library.jar:na]
	at play.PlayReloader$$anon$1$$anonfun$reload$2$$anonfun$apply$14.apply(PlayReloader.scala:304) ~[na:na]
	at play.PlayReloader$$anon$1$$anonfun$reload$2$$anonfun$apply$14.apply(PlayReloader.scala:298) ~[na:na]
	at scala.Option.map(Option.scala:145) ~[scala-library.jar:na]
	at play.PlayReloader$$anon$1$$anonfun$reload$2.apply(PlayReloader.scala:298) ~[na:na]
	at play.PlayReloader$$anon$1$$anonfun$reload$2.apply(PlayReloader.scala:296) ~[na:na]
	at scala.util.Either$LeftProjection.map(Either.scala:377) ~[scala-library.jar:na]
	at play.PlayReloader$$anon$1.reload(PlayReloader.scala:296) ~[na:na]
	at play.core.ReloadableApplication$$anonfun$get$1.apply(ApplicationProvider.scala:104) ~[play_2.10.jar:2.2.1]
	at play.core.ReloadableApplication$$anonfun$get$1.apply(ApplicationProvider.scala:102) ~[play_2.10.jar:2.2.1]
	at scala.concurrent.impl.Future$PromiseCompletingRunnable.liftedTree1$1(Future.scala:24) ~[scala-library.jar:na]
	at scala.concurrent.impl.Future$PromiseCompletingRunnable.run(Future.scala:24) ~[scala-library.jar:na]
	at scala.concurrent.forkjoin.ForkJoinTask$AdaptedRunnableAction.exec(ForkJoinTask.java:1361) ~[scala-library.jar:na]
	at scala.concurrent.forkjoin.ForkJoinTask.doExec(ForkJoinTask.java:260) ~[scala-library.jar:na]
	at scala.concurrent.forkjoin.ForkJoinPool$WorkQueue.runTask(ForkJoinPool.java:1339) ~[scala-library.jar:na]
	at scala.concurrent.forkjoin.ForkJoinPool.runWorker(ForkJoinPool.java:1979) ~[scala-library.jar:na]
	at scala.concurrent.forkjoin.ForkJoinWorkerThread.run(ForkJoinWorkerThread.java:107) ~[scala-library.jar:na]

2013-12-11 12:49:31,010 - [WARN] - from play in New I/O worker #1 
No application found at invoker init

2013-12-11 12:50:21,618 - [ERROR] - from application in New I/O worker #1 


! @6gh3gjjnl - Internal server error, for (GET) [/streamInvites] ->

play.PlayExceptions$CompilationException: Compilation error[Boolean does not take parameters]
	at play.PlayReloader$$anon$1$$anonfun$reload$2$$anonfun$apply$14$$anonfun$apply$16.apply(PlayReloader.scala:304) ~[na:na]
	at play.PlayReloader$$anon$1$$anonfun$reload$2$$anonfun$apply$14$$anonfun$apply$16.apply(PlayReloader.scala:304) ~[na:na]
	at scala.Option.map(Option.scala:145) ~[scala-library.jar:na]
	at play.PlayReloader$$anon$1$$anonfun$reload$2$$anonfun$apply$14.apply(PlayReloader.scala:304) ~[na:na]
	at play.PlayReloader$$anon$1$$anonfun$reload$2$$anonfun$apply$14.apply(PlayReloader.scala:298) ~[na:na]
	at scala.Option.map(Option.scala:145) ~[scala-library.jar:na]
	at play.PlayReloader$$anon$1$$anonfun$reload$2.apply(PlayReloader.scala:298) ~[na:na]
	at play.PlayReloader$$anon$1$$anonfun$reload$2.apply(PlayReloader.scala:296) ~[na:na]
	at scala.util.Either$LeftProjection.map(Either.scala:377) ~[scala-library.jar:na]
	at play.PlayReloader$$anon$1.reload(PlayReloader.scala:296) ~[na:na]
	at play.core.ReloadableApplication$$anonfun$get$1.apply(ApplicationProvider.scala:104) ~[play_2.10.jar:2.2.1]
	at play.core.ReloadableApplication$$anonfun$get$1.apply(ApplicationProvider.scala:102) ~[play_2.10.jar:2.2.1]
	at scala.concurrent.impl.Future$PromiseCompletingRunnable.liftedTree1$1(Future.scala:24) ~[scala-library.jar:na]
	at scala.concurrent.impl.Future$PromiseCompletingRunnable.run(Future.scala:24) ~[scala-library.jar:na]
	at scala.concurrent.forkjoin.ForkJoinTask$AdaptedRunnableAction.exec(ForkJoinTask.java:1361) ~[scala-library.jar:na]
	at scala.concurrent.forkjoin.ForkJoinTask.doExec(ForkJoinTask.java:260) ~[scala-library.jar:na]
	at scala.concurrent.forkjoin.ForkJoinPool$WorkQueue.runTask(ForkJoinPool.java:1339) ~[scala-library.jar:na]
	at scala.concurrent.forkjoin.ForkJoinPool.runWorker(ForkJoinPool.java:1979) ~[scala-library.jar:na]
	at scala.concurrent.forkjoin.ForkJoinWorkerThread.run(ForkJoinWorkerThread.java:107) ~[scala-library.jar:na]

2013-12-11 12:51:30,353 - [ERROR] - from application in New I/O worker #1 


! @6gh3gnhfd - Internal server error, for (GET) [/streamInvites] ->

play.PlayExceptions$CompilationException: Compilation error[Boolean does not take parameters]
	at play.PlayReloader$$anon$1$$anonfun$reload$2$$anonfun$apply$14$$anonfun$apply$16.apply(PlayReloader.scala:304) ~[na:na]
	at play.PlayReloader$$anon$1$$anonfun$reload$2$$anonfun$apply$14$$anonfun$apply$16.apply(PlayReloader.scala:304) ~[na:na]
	at scala.Option.map(Option.scala:145) ~[scala-library.jar:na]
	at play.PlayReloader$$anon$1$$anonfun$reload$2$$anonfun$apply$14.apply(PlayReloader.scala:304) ~[na:na]
	at play.PlayReloader$$anon$1$$anonfun$reload$2$$anonfun$apply$14.apply(PlayReloader.scala:298) ~[na:na]
	at scala.Option.map(Option.scala:145) ~[scala-library.jar:na]
	at play.PlayReloader$$anon$1$$anonfun$reload$2.apply(PlayReloader.scala:298) ~[na:na]
	at play.PlayReloader$$anon$1$$anonfun$reload$2.apply(PlayReloader.scala:296) ~[na:na]
	at scala.util.Either$LeftProjection.map(Either.scala:377) ~[scala-library.jar:na]
	at play.PlayReloader$$anon$1.reload(PlayReloader.scala:296) ~[na:na]
	at play.core.ReloadableApplication$$anonfun$get$1.apply(ApplicationProvider.scala:104) ~[play_2.10.jar:2.2.1]
	at play.core.ReloadableApplication$$anonfun$get$1.apply(ApplicationProvider.scala:102) ~[play_2.10.jar:2.2.1]
	at scala.concurrent.impl.Future$PromiseCompletingRunnable.liftedTree1$1(Future.scala:24) ~[scala-library.jar:na]
	at scala.concurrent.impl.Future$PromiseCompletingRunnable.run(Future.scala:24) ~[scala-library.jar:na]
	at scala.concurrent.forkjoin.ForkJoinTask$AdaptedRunnableAction.exec(ForkJoinTask.java:1361) ~[scala-library.jar:na]
	at scala.concurrent.forkjoin.ForkJoinTask.doExec(ForkJoinTask.java:260) ~[scala-library.jar:na]
	at scala.concurrent.forkjoin.ForkJoinPool$WorkQueue.runTask(ForkJoinPool.java:1339) ~[scala-library.jar:na]
	at scala.concurrent.forkjoin.ForkJoinPool.runWorker(ForkJoinPool.java:1979) ~[scala-library.jar:na]
	at scala.concurrent.forkjoin.ForkJoinWorkerThread.run(ForkJoinWorkerThread.java:107) ~[scala-library.jar:na]

2013-12-11 12:51:53,674 - [ERROR] - from application in New I/O worker #1 


! @6gh3gp02c - Internal server error, for (GET) [/streamInvites] ->

play.PlayExceptions$CompilationException: Compilation error[illegal start of simple expression]
	at play.PlayReloader$$anon$1$$anonfun$reload$2$$anonfun$apply$14$$anonfun$apply$16.apply(PlayReloader.scala:304) ~[na:na]
	at play.PlayReloader$$anon$1$$anonfun$reload$2$$anonfun$apply$14$$anonfun$apply$16.apply(PlayReloader.scala:304) ~[na:na]
	at scala.Option.map(Option.scala:145) ~[scala-library.jar:na]
	at play.PlayReloader$$anon$1$$anonfun$reload$2$$anonfun$apply$14.apply(PlayReloader.scala:304) ~[na:na]
	at play.PlayReloader$$anon$1$$anonfun$reload$2$$anonfun$apply$14.apply(PlayReloader.scala:298) ~[na:na]
	at scala.Option.map(Option.scala:145) ~[scala-library.jar:na]
	at play.PlayReloader$$anon$1$$anonfun$reload$2.apply(PlayReloader.scala:298) ~[na:na]
	at play.PlayReloader$$anon$1$$anonfun$reload$2.apply(PlayReloader.scala:296) ~[na:na]
	at scala.util.Either$LeftProjection.map(Either.scala:377) ~[scala-library.jar:na]
	at play.PlayReloader$$anon$1.reload(PlayReloader.scala:296) ~[na:na]
	at play.core.ReloadableApplication$$anonfun$get$1.apply(ApplicationProvider.scala:104) ~[play_2.10.jar:2.2.1]
	at play.core.ReloadableApplication$$anonfun$get$1.apply(ApplicationProvider.scala:102) ~[play_2.10.jar:2.2.1]
	at scala.concurrent.impl.Future$PromiseCompletingRunnable.liftedTree1$1(Future.scala:24) ~[scala-library.jar:na]
	at scala.concurrent.impl.Future$PromiseCompletingRunnable.run(Future.scala:24) ~[scala-library.jar:na]
	at scala.concurrent.forkjoin.ForkJoinTask$AdaptedRunnableAction.exec(ForkJoinTask.java:1361) ~[scala-library.jar:na]
	at scala.concurrent.forkjoin.ForkJoinTask.doExec(ForkJoinTask.java:260) ~[scala-library.jar:na]
	at scala.concurrent.forkjoin.ForkJoinPool$WorkQueue.runTask(ForkJoinPool.java:1339) ~[scala-library.jar:na]
	at scala.concurrent.forkjoin.ForkJoinPool.runWorker(ForkJoinPool.java:1979) ~[scala-library.jar:na]
	at scala.concurrent.forkjoin.ForkJoinWorkerThread.run(ForkJoinWorkerThread.java:107) ~[scala-library.jar:na]

2013-12-11 12:52:48,389 - [INFO] - from play in play-internal-execution-context-1 
Application started (Dev)

2013-12-11 12:53:05,071 - [INFO] - from akka.event.slf4j.Slf4jEventHandler in whatamidoing-system-akka.actor.default-dispatcher-2 
Slf4jLogger started

2013-12-11 12:53:05,079 - [WARN] - from akka.event.slf4j.Slf4jEventHandler in whatamidoing-system-akka.actor.default-dispatcher-2 
[akka.event.slf4j.Slf4jEventHandler] is depreceated, use [akka.event.slf4j.Slf4jLogger] instead

2013-12-11 12:53:05,082 - [DEBUG] - from akka.event.EventStream in whatamidoing-system-akka.actor.default-dispatcher-2 
logger log1-Slf4jEventHandler started

2013-12-11 12:53:05,083 - [DEBUG] - from akka.event.EventStream in whatamidoing-system-akka.actor.default-dispatcher-2 
Default Loggers started

2013-12-11 12:54:51,021 - [INFO] - from play in play-internal-execution-context-1 
Application started (Dev)

2013-12-11 12:54:53,182 - [INFO] - from application in play-akka.actor.default-dispatcher-13 
start[1385856000] end [1389484800]

2013-12-11 12:54:53,215 - [INFO] - from application in play-akka.actor.default-dispatcher-13 
start[2013-12-01T00:00:00.000Z] end [2014-01-12T00:00:00.000Z]

2013-12-11 12:54:53,235 - [INFO] - from akka.event.slf4j.Slf4jEventHandler in whatamidoing-system-akka.actor.default-dispatcher-3 
Slf4jLogger started

2013-12-11 12:54:53,235 - [WARN] - from akka.event.slf4j.Slf4jEventHandler in whatamidoing-system-akka.actor.default-dispatcher-3 
[akka.event.slf4j.Slf4jEventHandler] is depreceated, use [akka.event.slf4j.Slf4jLogger] instead

2013-12-11 12:54:53,236 - [DEBUG] - from akka.event.EventStream in whatamidoing-system-akka.actor.default-dispatcher-3 
logger log1-Slf4jEventHandler started

2013-12-11 12:54:53,237 - [DEBUG] - from akka.event.EventStream in whatamidoing-system-akka.actor.default-dispatcher-3 
Default Loggers started

2013-12-11 12:54:53,839 - [INFO] - from application in play-akka.actor.default-dispatcher-13 
results 

2013-12-11 12:54:53,839 - [INFO] - from application in play-akka.actor.default-dispatcher-13 
THIS IS THE EMAIL:

2013-12-11 12:54:53,843 - [INFO] - from application in whatamidoing-system-akka.actor.default-dispatcher-3 

       match y-[MONTH]-m-[DAY]-d-[broadcast:BROADCAST_ON]-s-[USING]-t-[HAS_TOKEN]-u
       where u.email="" and (y.value >= 2013 and y.value <= 2014)
       return y.value as year, m.value as month, d.value as day, broadcast.time as time,s.id as streamId,u.email as email

       

2013-12-11 12:55:20,191 - [INFO] - from application in play-akka.actor.default-dispatcher-10 
start[1385856000] end [1389484800]

2013-12-11 12:55:20,191 - [INFO] - from application in play-akka.actor.default-dispatcher-10 
start[2013-12-01T00:00:00.000Z] end [2014-01-12T00:00:00.000Z]

2013-12-11 12:55:20,859 - [INFO] - from application in play-akka.actor.default-dispatcher-10 
results 

2013-12-11 12:55:20,859 - [INFO] - from application in play-akka.actor.default-dispatcher-10 
THIS IS THE EMAIL:

2013-12-11 12:55:20,859 - [INFO] - from application in whatamidoing-system-akka.actor.default-dispatcher-4 

       match y-[MONTH]-m-[DAY]-d-[broadcast:BROADCAST_ON]-s-[USING]-t-[HAS_TOKEN]-u
       where u.email="" and (y.value >= 2013 and y.value <= 2014)
       return y.value as year, m.value as month, d.value as day, broadcast.time as time,s.id as streamId,u.email as email

       

2013-12-11 12:58:17,100 - [INFO] - from application in play-akka.actor.default-dispatcher-17 
start[1385856000] end [1389484800]

2013-12-11 12:58:17,101 - [INFO] - from application in play-akka.actor.default-dispatcher-17 
start[2013-12-01T00:00:00.000Z] end [2014-01-12T00:00:00.000Z]

2013-12-11 12:58:17,724 - [INFO] - from application in play-akka.actor.default-dispatcher-17 
results 

2013-12-11 12:58:17,724 - [INFO] - from application in play-akka.actor.default-dispatcher-17 
THIS IS THE EMAIL:

2013-12-11 12:58:17,725 - [INFO] - from application in whatamidoing-system-akka.actor.default-dispatcher-2 

       match y-[MONTH]-m-[DAY]-d-[broadcast:BROADCAST_ON]-s-[USING]-t-[HAS_TOKEN]-u
       where u.email="" and (y.value >= 2013 and y.value <= 2014)
       return y.value as year, m.value as month, d.value as day, broadcast.time as time,s.id as streamId,u.email as email

       

2013-12-11 12:58:38,227 - [INFO] - from application in play-akka.actor.default-dispatcher-19 
start[1385856000] end [1389484800]

2013-12-11 12:58:38,227 - [INFO] - from application in play-akka.actor.default-dispatcher-19 
start[2013-12-01T00:00:00.000Z] end [2014-01-12T00:00:00.000Z]

2013-12-11 12:58:38,958 - [INFO] - from application in play-akka.actor.default-dispatcher-19 
results 

2013-12-11 12:58:38,958 - [INFO] - from application in play-akka.actor.default-dispatcher-19 
THIS IS THE EMAIL:

2013-12-11 12:58:38,959 - [INFO] - from application in whatamidoing-system-akka.actor.default-dispatcher-2 

       match y-[MONTH]-m-[DAY]-d-[broadcast:BROADCAST_ON]-s-[USING]-t-[HAS_TOKEN]-u
       where u.email="" and (y.value >= 2013 and y.value <= 2014)
       return y.value as year, m.value as month, d.value as day, broadcast.time as time,s.id as streamId,u.email as email

       

2013-12-11 12:58:50,657 - [INFO] - from application in play-akka.actor.default-dispatcher-19 
start[1385856000] end [1389484800]

2013-12-11 12:58:50,658 - [INFO] - from application in play-akka.actor.default-dispatcher-19 
start[2013-12-01T00:00:00.000Z] end [2014-01-12T00:00:00.000Z]

2013-12-11 12:58:51,188 - [INFO] - from application in play-akka.actor.default-dispatcher-19 
results 

2013-12-11 12:58:51,188 - [INFO] - from application in play-akka.actor.default-dispatcher-19 
THIS IS THE EMAIL:

2013-12-11 12:58:51,188 - [INFO] - from application in whatamidoing-system-akka.actor.default-dispatcher-2 

       match y-[MONTH]-m-[DAY]-d-[broadcast:BROADCAST_ON]-s-[USING]-t-[HAS_TOKEN]-u
       where u.email="" and (y.value >= 2013 and y.value <= 2014)
       return y.value as year, m.value as month, d.value as day, broadcast.time as time,s.id as streamId,u.email as email

       

2013-12-11 13:00:01,955 - [INFO] - from CypherBuilder.getUserToken in whatamidoing-system-akka.actor.default-dispatcher-2 
this is the token: List((01237fe5-4b21-4b7f-b31f-8f4875e64668,true), (01237fe5-4b21-4b7f-b31f-8f4875e64668,true))

2013-12-11 13:00:02,015 - [INFO] - from CypherBuilder.getUserToken in whatamidoing-system-akka.actor.default-dispatcher-2 
this is a valid token: List(01237fe5-4b21-4b7f-b31f-8f4875e64668, 01237fe5-4b21-4b7f-b31f-8f4875e64668)

2013-12-11 13:00:12,499 - [INFO] - from application in play-akka.actor.default-dispatcher-32 
start[1385856000] end [1389484800]

2013-12-11 13:00:12,499 - [INFO] - from application in play-akka.actor.default-dispatcher-32 
start[2013-12-01T00:00:00.000Z] end [2014-01-12T00:00:00.000Z]

2013-12-11 13:00:13,166 - [INFO] - from application in play-akka.actor.default-dispatcher-32 
results kodjo_baah@hotmail.com

2013-12-11 13:00:13,166 - [INFO] - from application in play-akka.actor.default-dispatcher-32 
THIS IS THE EMAIL:kodjo_baah@hotmail.com

2013-12-11 13:00:13,166 - [INFO] - from application in whatamidoing-system-akka.actor.default-dispatcher-2 

       match y-[MONTH]-m-[DAY]-d-[broadcast:BROADCAST_ON]-s-[USING]-t-[HAS_TOKEN]-u
       where u.email="kodjo_baah@hotmail.com" and (y.value >= 2013 and y.value <= 2014)
       return y.value as year, m.value as month, d.value as day, broadcast.time as time,s.id as streamId,u.email as email

       

2013-12-11 13:00:30,058 - [INFO] - from application in whatamidoing-system-akka.actor.default-dispatcher-2 

          match (s)-[TO_WATCH]-(i)-[ACCEPTED_ON]->(d)
          where s.id = "stream-id-0"
          with i
          match (i)<-[RECIEVED]-(u)
          return u.email as email, u.firstName as firstName, u.lastName as lastName
    

2013-12-11 13:00:32,771 - [INFO] - from application in whatamidoing-system-akka.actor.default-dispatcher-2 

     match s-[t:TO_WATCH]-i
     where s.id = "stream-id-0"
     with i
     match i-[RECEIVED]-u
     where u.email is not null
    return u.email as email, u.firstName as firstName, u.lastName as lastName
    

2013-12-11 13:04:12,853 - [INFO] - from play in play-internal-execution-context-7 
Application started (Dev)

2013-12-11 13:04:14,766 - [INFO] - from application in play-akka.actor.default-dispatcher-41 
start[1385856000] end [1389484800]

2013-12-11 13:04:14,767 - [INFO] - from application in play-akka.actor.default-dispatcher-41 
start[2013-12-01T00:00:00.000Z] end [2014-01-12T00:00:00.000Z]

2013-12-11 13:04:14,797 - [INFO] - from akka.event.slf4j.Slf4jEventHandler in whatamidoing-system-akka.actor.default-dispatcher-3 
Slf4jLogger started

2013-12-11 13:04:14,797 - [WARN] - from akka.event.slf4j.Slf4jEventHandler in whatamidoing-system-akka.actor.default-dispatcher-3 
[akka.event.slf4j.Slf4jEventHandler] is depreceated, use [akka.event.slf4j.Slf4jLogger] instead

2013-12-11 13:04:14,799 - [DEBUG] - from akka.event.EventStream in whatamidoing-system-akka.actor.default-dispatcher-2 
logger log1-Slf4jEventHandler started

2013-12-11 13:04:14,800 - [DEBUG] - from akka.event.EventStream in whatamidoing-system-akka.actor.default-dispatcher-2 
Default Loggers started

2013-12-11 13:04:15,555 - [INFO] - from application in play-akka.actor.default-dispatcher-41 
results kodjo_baah@hotmail.com

2013-12-11 13:04:15,555 - [INFO] - from application in play-akka.actor.default-dispatcher-41 
THIS IS THE EMAIL:kodjo_baah@hotmail.com

2013-12-11 13:04:15,559 - [INFO] - from application in whatamidoing-system-akka.actor.default-dispatcher-5 

       match y-[MONTH]-m-[DAY]-d-[broadcast:BROADCAST_ON]-s-[USING]-t-[HAS_TOKEN]-u
       where u.email="kodjo_baah@hotmail.com" and (y.value >= 2013 and y.value <= 2014)
       return y.value as year, m.value as month, d.value as day, broadcast.time as time,s.id as streamId,u.email as email

       

2013-12-11 13:04:29,385 - [INFO] - from application in whatamidoing-system-akka.actor.default-dispatcher-5 

          match (s)-[TO_WATCH]-(i)-[ACCEPTED_ON]->(d)
          where s.id = "stream-id-2"
          with i
          match (i)<-[RECIEVED]-(u)
          return u.email as email, u.firstName as firstName, u.lastName as lastName
    

2013-12-11 13:04:31,222 - [INFO] - from application in whatamidoing-system-akka.actor.default-dispatcher-5 

     match s-[t:TO_WATCH]-i
     where s.id = "stream-id-2"
     with i
     match i-[RECEIVED]-u
     where u.email is not null
    return u.email as email, u.firstName as firstName, u.lastName as lastName
    

2013-12-11 13:04:38,753 - [INFO] - from application in whatamidoing-system-akka.actor.default-dispatcher-5 

          match (s)-[TO_WATCH]-(i)-[ACCEPTED_ON]->(d)
          where s.id = "stream-id-0"
          with i
          match (i)<-[RECIEVED]-(u)
          return u.email as email, u.firstName as firstName, u.lastName as lastName
    

2013-12-11 13:04:40,523 - [INFO] - from application in whatamidoing-system-akka.actor.default-dispatcher-5 

     match s-[t:TO_WATCH]-i
     where s.id = "stream-id-0"
     with i
     match i-[RECEIVED]-u
     where u.email is not null
    return u.email as email, u.firstName as firstName, u.lastName as lastName
    

2013-12-11 13:09:38,041 - [INFO] - from play in play-internal-execution-context-7 
Application started (Dev)

2013-12-11 13:09:39,768 - [INFO] - from application in play-akka.actor.default-dispatcher-48 
start[1385856000] end [1389484800]

2013-12-11 13:09:39,777 - [INFO] - from application in play-akka.actor.default-dispatcher-48 
start[2013-12-01T00:00:00.000Z] end [2014-01-12T00:00:00.000Z]

2013-12-11 13:09:39,794 - [INFO] - from akka.event.slf4j.Slf4jEventHandler in whatamidoing-system-akka.actor.default-dispatcher-2 
Slf4jLogger started

2013-12-11 13:09:39,807 - [WARN] - from akka.event.slf4j.Slf4jEventHandler in whatamidoing-system-akka.actor.default-dispatcher-2 
[akka.event.slf4j.Slf4jEventHandler] is depreceated, use [akka.event.slf4j.Slf4jLogger] instead

2013-12-11 13:09:39,807 - [DEBUG] - from akka.event.EventStream in whatamidoing-system-akka.actor.default-dispatcher-2 
logger log1-Slf4jEventHandler started

2013-12-11 13:09:39,808 - [DEBUG] - from akka.event.EventStream in whatamidoing-system-akka.actor.default-dispatcher-2 
Default Loggers started

2013-12-11 13:09:40,526 - [INFO] - from application in play-akka.actor.default-dispatcher-48 
results kodjo_baah@hotmail.com

2013-12-11 13:09:40,527 - [INFO] - from application in play-akka.actor.default-dispatcher-48 
THIS IS THE EMAIL:kodjo_baah@hotmail.com

2013-12-11 13:09:40,529 - [INFO] - from application in whatamidoing-system-akka.actor.default-dispatcher-2 

       match y-[MONTH]-m-[DAY]-d-[broadcast:BROADCAST_ON]-s-[USING]-t-[HAS_TOKEN]-u
       where u.email="kodjo_baah@hotmail.com" and (y.value >= 2013 and y.value <= 2014)
       return y.value as year, m.value as month, d.value as day, broadcast.time as time,s.id as streamId,u.email as email

       

2013-12-11 13:09:52,680 - [INFO] - from application in whatamidoing-system-akka.actor.default-dispatcher-6 

          match (s)-[TO_WATCH]-(i)-[ACCEPTED_ON]->(d)
          where s.id = "stream-id-0"
          with i
          match (i)<-[RECIEVED]-(u)
          return u.email as email, u.firstName as firstName, u.lastName as lastName
    

2013-12-11 13:09:54,608 - [INFO] - from application in whatamidoing-system-akka.actor.default-dispatcher-6 

     match s-[t:TO_WATCH]-i
     where s.id = "stream-id-0"
     with i
     match i-[RECEIVED]-u
     where u.email is not null
    return u.email as email, u.firstName as firstName, u.lastName as lastName
    

2013-12-11 13:14:38,306 - [INFO] - from play in play-internal-execution-context-7 
Application started (Dev)

2013-12-11 13:14:40,520 - [INFO] - from application in play-akka.actor.default-dispatcher-57 
start[1385856000] end [1389484800]

2013-12-11 13:14:40,521 - [INFO] - from application in play-akka.actor.default-dispatcher-57 
start[2013-12-01T00:00:00.000Z] end [2014-01-12T00:00:00.000Z]

2013-12-11 13:14:40,538 - [INFO] - from akka.event.slf4j.Slf4jEventHandler in whatamidoing-system-akka.actor.default-dispatcher-2 
Slf4jLogger started

2013-12-11 13:14:40,538 - [WARN] - from akka.event.slf4j.Slf4jEventHandler in whatamidoing-system-akka.actor.default-dispatcher-2 
[akka.event.slf4j.Slf4jEventHandler] is depreceated, use [akka.event.slf4j.Slf4jLogger] instead

2013-12-11 13:14:40,540 - [DEBUG] - from akka.event.EventStream in whatamidoing-system-akka.actor.default-dispatcher-7 
logger log1-Slf4jEventHandler started

2013-12-11 13:14:40,540 - [DEBUG] - from akka.event.EventStream in whatamidoing-system-akka.actor.default-dispatcher-7 
Default Loggers started

2013-12-11 13:14:41,196 - [INFO] - from application in play-akka.actor.default-dispatcher-57 
results kodjo_baah@hotmail.com

2013-12-11 13:14:41,196 - [INFO] - from application in play-akka.actor.default-dispatcher-57 
THIS IS THE EMAIL:kodjo_baah@hotmail.com

2013-12-11 13:14:41,198 - [INFO] - from application in whatamidoing-system-akka.actor.default-dispatcher-2 

       match y-[MONTH]-m-[DAY]-d-[broadcast:BROADCAST_ON]-s-[USING]-t-[HAS_TOKEN]-u
       where u.email="kodjo_baah@hotmail.com" and (y.value >= 2013 and y.value <= 2014)
       return y.value as year, m.value as month, d.value as day, broadcast.time as time,s.id as streamId,u.email as email

       

2013-12-11 13:16:06,621 - [INFO] - from application in whatamidoing-system-akka.actor.default-dispatcher-7 

          match (s)-[TO_WATCH]-(i)-[ACCEPTED_ON]->(d)
          where s.id = "stream-id-0"
          with i
          match (i)<-[RECIEVED]-(u)
          return u.email as email, u.firstName as firstName, u.lastName as lastName
    

2013-12-11 13:16:08,337 - [INFO] - from application in whatamidoing-system-akka.actor.default-dispatcher-7 

     match s-[t:TO_WATCH]-i
     where s.id = "stream-id-0"
     with i
     match i-[RECEIVED]-u
     where u.email is not null
    return u.email as email, u.firstName as firstName, u.lastName as lastName
    

2013-12-11 13:19:17,031 - [INFO] - from application in whatamidoing-system-akka.actor.default-dispatcher-7 

          match (s)-[TO_WATCH]-(i)-[ACCEPTED_ON]->(d)
          where s.id = "stream-id-other0"
          with i
          match (i)<-[RECIEVED]-(u)
          return u.email as email, u.firstName as firstName, u.lastName as lastName
    

2013-12-11 13:19:18,762 - [INFO] - from application in whatamidoing-system-akka.actor.default-dispatcher-7 

     match s-[t:TO_WATCH]-i
     where s.id = "stream-id-other0"
     with i
     match i-[RECEIVED]-u
     where u.email is not null
    return u.email as email, u.firstName as firstName, u.lastName as lastName
    

2013-12-11 13:20:37,588 - [INFO] - from play in play-internal-execution-context-11 
Application started (Dev)

2013-12-11 13:20:39,392 - [INFO] - from application in play-akka.actor.default-dispatcher-65 
start[1385856000] end [1389484800]

2013-12-11 13:20:39,394 - [INFO] - from application in play-akka.actor.default-dispatcher-65 
start[2013-12-01T00:00:00.000Z] end [2014-01-12T00:00:00.000Z]

2013-12-11 13:20:39,425 - [INFO] - from akka.event.slf4j.Slf4jEventHandler in whatamidoing-system-akka.actor.default-dispatcher-2 
Slf4jLogger started

2013-12-11 13:20:39,444 - [WARN] - from akka.event.slf4j.Slf4jEventHandler in whatamidoing-system-akka.actor.default-dispatcher-2 
[akka.event.slf4j.Slf4jEventHandler] is depreceated, use [akka.event.slf4j.Slf4jLogger] instead

2013-12-11 13:20:39,445 - [DEBUG] - from akka.event.EventStream in whatamidoing-system-akka.actor.default-dispatcher-2 
logger log1-Slf4jEventHandler started

2013-12-11 13:20:39,445 - [DEBUG] - from akka.event.EventStream in whatamidoing-system-akka.actor.default-dispatcher-2 
Default Loggers started

2013-12-11 13:20:40,238 - [INFO] - from application in play-akka.actor.default-dispatcher-65 
results kodjo_baah@hotmail.com

2013-12-11 13:20:40,238 - [INFO] - from application in play-akka.actor.default-dispatcher-65 
THIS IS THE EMAIL:kodjo_baah@hotmail.com

2013-12-11 13:20:40,240 - [INFO] - from application in whatamidoing-system-akka.actor.default-dispatcher-2 

       match y-[MONTH]-m-[DAY]-d-[broadcast:BROADCAST_ON]-s-[USING]-t-[HAS_TOKEN]-u
       where u.email="kodjo_baah@hotmail.com" and (y.value >= 2013 and y.value <= 2014)
       return y.value as year, m.value as month, d.value as day, broadcast.time as time,s.id as streamId,u.email as email

       

2013-12-11 13:20:51,557 - [INFO] - from application in whatamidoing-system-akka.actor.default-dispatcher-6 

          match (s)-[TO_WATCH]-(i)-[ACCEPTED_ON]->(d)
          where s.id = "stream-id-0"
          with i
          match (i)<-[RECIEVED]-(u)
          return u.email as email, u.firstName as firstName, u.lastName as lastName
    

2013-12-11 13:20:53,262 - [INFO] - from application in whatamidoing-system-akka.actor.default-dispatcher-6 

     match s-[t:TO_WATCH]-i
     where s.id = "stream-id-0"
     with i
     match i-[RECEIVED]-u
     where u.email is not null
    return u.email as email, u.firstName as firstName, u.lastName as lastName
    

2013-12-11 13:21:02,325 - [INFO] - from application in whatamidoing-system-akka.actor.default-dispatcher-8 

          match (s)-[TO_WATCH]-(i)-[ACCEPTED_ON]->(d)
          where s.id = "stream-id-1"
          with i
          match (i)<-[RECIEVED]-(u)
          return u.email as email, u.firstName as firstName, u.lastName as lastName
    

2013-12-11 13:21:04,052 - [INFO] - from application in whatamidoing-system-akka.actor.default-dispatcher-8 

     match s-[t:TO_WATCH]-i
     where s.id = "stream-id-1"
     with i
     match i-[RECEIVED]-u
     where u.email is not null
    return u.email as email, u.firstName as firstName, u.lastName as lastName
    

2013-12-11 13:21:10,241 - [INFO] - from application in whatamidoing-system-akka.actor.default-dispatcher-8 

          match (s)-[TO_WATCH]-(i)-[ACCEPTED_ON]->(d)
          where s.id = "stream-id-3"
          with i
          match (i)<-[RECIEVED]-(u)
          return u.email as email, u.firstName as firstName, u.lastName as lastName
    

2013-12-11 13:21:11,914 - [INFO] - from application in whatamidoing-system-akka.actor.default-dispatcher-8 

     match s-[t:TO_WATCH]-i
     where s.id = "stream-id-3"
     with i
     match i-[RECEIVED]-u
     where u.email is not null
    return u.email as email, u.firstName as firstName, u.lastName as lastName
    

2013-12-11 13:21:16,573 - [INFO] - from application in whatamidoing-system-akka.actor.default-dispatcher-8 

          match (s)-[TO_WATCH]-(i)-[ACCEPTED_ON]->(d)
          where s.id = "stream-id-11"
          with i
          match (i)<-[RECIEVED]-(u)
          return u.email as email, u.firstName as firstName, u.lastName as lastName
    

2013-12-11 13:21:18,255 - [INFO] - from application in whatamidoing-system-akka.actor.default-dispatcher-8 

     match s-[t:TO_WATCH]-i
     where s.id = "stream-id-11"
     with i
     match i-[RECEIVED]-u
     where u.email is not null
    return u.email as email, u.firstName as firstName, u.lastName as lastName
    

2013-12-11 13:26:30,846 - [INFO] - from play in play-internal-execution-context-11 
Application started (Dev)

2013-12-11 13:26:40,155 - [INFO] - from akka.event.slf4j.Slf4jEventHandler in whatamidoing-system-akka.actor.default-dispatcher-3 
Slf4jLogger started

2013-12-11 13:26:40,157 - [WARN] - from akka.event.slf4j.Slf4jEventHandler in whatamidoing-system-akka.actor.default-dispatcher-3 
[akka.event.slf4j.Slf4jEventHandler] is depreceated, use [akka.event.slf4j.Slf4jLogger] instead

2013-12-11 13:26:40,166 - [DEBUG] - from akka.event.EventStream in whatamidoing-system-akka.actor.default-dispatcher-3 
logger log1-Slf4jEventHandler started

2013-12-11 13:26:40,167 - [DEBUG] - from akka.event.EventStream in whatamidoing-system-akka.actor.default-dispatcher-3 
Default Loggers started

2013-12-11 13:26:40,379 - [INFO] - from CypherBuilder.getUserToken in whatamidoing-system-akka.actor.default-dispatcher-2 
this is the token: List((01237fe5-4b21-4b7f-b31f-8f4875e64668,true), (01237fe5-4b21-4b7f-b31f-8f4875e64668,true))

2013-12-11 13:26:40,612 - [INFO] - from application in play-akka.actor.default-dispatcher-75 
start[1385856000] end [1389484800]

2013-12-11 13:26:40,612 - [INFO] - from application in play-akka.actor.default-dispatcher-75 
start[2013-12-01T00:00:00.000Z] end [2014-01-12T00:00:00.000Z]

2013-12-11 13:26:41,232 - [INFO] - from application in play-akka.actor.default-dispatcher-75 
results kodjo_baah@hotmail.com

2013-12-11 13:26:41,234 - [INFO] - from application in play-akka.actor.default-dispatcher-75 
THIS IS THE EMAIL:kodjo_baah@hotmail.com

2013-12-11 13:26:41,237 - [INFO] - from application in whatamidoing-system-akka.actor.default-dispatcher-2 

       match y-[MONTH]-m-[DAY]-d-[broadcast:BROADCAST_ON]-s-[USING]-t-[HAS_TOKEN]-u
       where u.email="kodjo_baah@hotmail.com" and (y.value >= 2013 and y.value <= 2014)
       return y.value as year, m.value as month, d.value as day, broadcast.time as time,s.id as streamId,u.email as email

       

2013-12-11 13:32:00,936 - [INFO] - from play in play-internal-execution-context-14 
Application started (Dev)

2013-12-11 13:32:26,393 - [INFO] - from akka.event.slf4j.Slf4jEventHandler in whatamidoing-system-akka.actor.default-dispatcher-3 
Slf4jLogger started

2013-12-11 13:32:26,399 - [WARN] - from akka.event.slf4j.Slf4jEventHandler in whatamidoing-system-akka.actor.default-dispatcher-3 
[akka.event.slf4j.Slf4jEventHandler] is depreceated, use [akka.event.slf4j.Slf4jLogger] instead

2013-12-11 13:32:26,414 - [DEBUG] - from akka.event.EventStream in whatamidoing-system-akka.actor.default-dispatcher-3 
logger log1-Slf4jEventHandler started

2013-12-11 13:32:26,417 - [DEBUG] - from akka.event.EventStream in whatamidoing-system-akka.actor.default-dispatcher-3 
Default Loggers started

2013-12-11 13:32:26,600 - [INFO] - from CypherBuilder.getUserToken in whatamidoing-system-akka.actor.default-dispatcher-8 
this is the token: List((01237fe5-4b21-4b7f-b31f-8f4875e64668,true), (01237fe5-4b21-4b7f-b31f-8f4875e64668,true))

2013-12-11 13:32:26,884 - [INFO] - from application in play-akka.actor.default-dispatcher-82 
start[1385856000] end [1389484800]

2013-12-11 13:32:26,884 - [INFO] - from application in play-akka.actor.default-dispatcher-82 
start[2013-12-01T00:00:00.000Z] end [2014-01-12T00:00:00.000Z]

2013-12-11 13:32:27,603 - [INFO] - from application in play-akka.actor.default-dispatcher-82 
results kodjo_baah@hotmail.com

2013-12-11 13:32:27,603 - [INFO] - from application in play-akka.actor.default-dispatcher-82 
THIS IS THE EMAIL:kodjo_baah@hotmail.com

2013-12-11 13:32:27,605 - [INFO] - from application in whatamidoing-system-akka.actor.default-dispatcher-8 

       match y-[MONTH]-m-[DAY]-d-[broadcast:BROADCAST_ON]-s-[USING]-t-[HAS_TOKEN]-u
       where u.email="kodjo_baah@hotmail.com" and (y.value >= 2013 and y.value <= 2014)
       return y.value as year, m.value as month, d.value as day, broadcast.time as time,s.id as streamId,u.email as email

       

2013-12-11 13:43:50,781 - [ERROR] - from application in New I/O worker #4 


! @6gh3nk952 - Internal server error, for (GET) [/] ->

play.PlayExceptions$CompilationException: Compilation error[could not find implicit value for parameter session: play.api.mvc.Session]
	at play.PlayReloader$$anon$1$$anonfun$reload$2$$anonfun$apply$14$$anonfun$apply$16.apply(PlayReloader.scala:304) ~[na:na]
	at play.PlayReloader$$anon$1$$anonfun$reload$2$$anonfun$apply$14$$anonfun$apply$16.apply(PlayReloader.scala:304) ~[na:na]
	at scala.Option.map(Option.scala:145) ~[scala-library.jar:na]
	at play.PlayReloader$$anon$1$$anonfun$reload$2$$anonfun$apply$14.apply(PlayReloader.scala:304) ~[na:na]
	at play.PlayReloader$$anon$1$$anonfun$reload$2$$anonfun$apply$14.apply(PlayReloader.scala:298) ~[na:na]
	at scala.Option.map(Option.scala:145) ~[scala-library.jar:na]
	at play.PlayReloader$$anon$1$$anonfun$reload$2.apply(PlayReloader.scala:298) ~[na:na]
	at play.PlayReloader$$anon$1$$anonfun$reload$2.apply(PlayReloader.scala:296) ~[na:na]
	at scala.util.Either$LeftProjection.map(Either.scala:377) ~[scala-library.jar:na]
	at play.PlayReloader$$anon$1.reload(PlayReloader.scala:296) ~[na:na]
	at play.core.ReloadableApplication$$anonfun$get$1.apply(ApplicationProvider.scala:104) ~[play_2.10.jar:2.2.1]
	at play.core.ReloadableApplication$$anonfun$get$1.apply(ApplicationProvider.scala:102) ~[play_2.10.jar:2.2.1]
	at scala.concurrent.impl.Future$PromiseCompletingRunnable.liftedTree1$1(Future.scala:24) ~[scala-library.jar:na]
	at scala.concurrent.impl.Future$PromiseCompletingRunnable.run(Future.scala:24) ~[scala-library.jar:na]
	at scala.concurrent.forkjoin.ForkJoinTask$AdaptedRunnableAction.exec(ForkJoinTask.java:1361) ~[scala-library.jar:na]
	at scala.concurrent.forkjoin.ForkJoinTask.doExec(ForkJoinTask.java:260) ~[scala-library.jar:na]
	at scala.concurrent.forkjoin.ForkJoinPool$WorkQueue.runTask(ForkJoinPool.java:1339) ~[scala-library.jar:na]
	at scala.concurrent.forkjoin.ForkJoinPool.runWorker(ForkJoinPool.java:1979) ~[scala-library.jar:na]
	at scala.concurrent.forkjoin.ForkJoinWorkerThread.run(ForkJoinWorkerThread.java:107) ~[scala-library.jar:na]

2013-12-11 13:44:12,927 - [ERROR] - from application in New I/O worker #4 


! @6gh3nlfop - Internal server error, for (GET) [/] ->

play.PlayExceptions$CompilationException: Compilation error[not found: value session]
	at play.PlayReloader$$anon$1$$anonfun$reload$2$$anonfun$apply$14$$anonfun$apply$16.apply(PlayReloader.scala:304) ~[na:na]
	at play.PlayReloader$$anon$1$$anonfun$reload$2$$anonfun$apply$14$$anonfun$apply$16.apply(PlayReloader.scala:304) ~[na:na]
	at scala.Option.map(Option.scala:145) ~[scala-library.jar:na]
	at play.PlayReloader$$anon$1$$anonfun$reload$2$$anonfun$apply$14.apply(PlayReloader.scala:304) ~[na:na]
	at play.PlayReloader$$anon$1$$anonfun$reload$2$$anonfun$apply$14.apply(PlayReloader.scala:298) ~[na:na]
	at scala.Option.map(Option.scala:145) ~[scala-library.jar:na]
	at play.PlayReloader$$anon$1$$anonfun$reload$2.apply(PlayReloader.scala:298) ~[na:na]
	at play.PlayReloader$$anon$1$$anonfun$reload$2.apply(PlayReloader.scala:296) ~[na:na]
	at scala.util.Either$LeftProjection.map(Either.scala:377) ~[scala-library.jar:na]
	at play.PlayReloader$$anon$1.reload(PlayReloader.scala:296) ~[na:na]
	at play.core.ReloadableApplication$$anonfun$get$1.apply(ApplicationProvider.scala:104) ~[play_2.10.jar:2.2.1]
	at play.core.ReloadableApplication$$anonfun$get$1.apply(ApplicationProvider.scala:102) ~[play_2.10.jar:2.2.1]
	at scala.concurrent.impl.Future$PromiseCompletingRunnable.liftedTree1$1(Future.scala:24) ~[scala-library.jar:na]
	at scala.concurrent.impl.Future$PromiseCompletingRunnable.run(Future.scala:24) ~[scala-library.jar:na]
	at scala.concurrent.forkjoin.ForkJoinTask$AdaptedRunnableAction.exec(ForkJoinTask.java:1361) ~[scala-library.jar:na]
	at scala.concurrent.forkjoin.ForkJoinTask.doExec(ForkJoinTask.java:260) ~[scala-library.jar:na]
	at scala.concurrent.forkjoin.ForkJoinPool$WorkQueue.runTask(ForkJoinPool.java:1339) ~[scala-library.jar:na]
	at scala.concurrent.forkjoin.ForkJoinPool.runWorker(ForkJoinPool.java:1979) ~[scala-library.jar:na]
	at scala.concurrent.forkjoin.ForkJoinWorkerThread.run(ForkJoinWorkerThread.java:107) ~[scala-library.jar:na]

2013-12-11 13:57:38,690 - [INFO] - from play in play-internal-execution-context-16 
Application started (Dev)

2013-12-11 13:57:51,390 - [INFO] - from akka.event.slf4j.Slf4jEventHandler in whatamidoing-system-akka.actor.default-dispatcher-2 
Slf4jLogger started

2013-12-11 13:57:51,392 - [WARN] - from akka.event.slf4j.Slf4jEventHandler in whatamidoing-system-akka.actor.default-dispatcher-2 
[akka.event.slf4j.Slf4jEventHandler] is depreceated, use [akka.event.slf4j.Slf4jLogger] instead

2013-12-11 13:57:51,422 - [DEBUG] - from akka.event.EventStream in whatamidoing-system-akka.actor.default-dispatcher-2 
logger log1-Slf4jEventHandler started

2013-12-11 13:57:51,423 - [DEBUG] - from akka.event.EventStream in whatamidoing-system-akka.actor.default-dispatcher-2 
Default Loggers started

2013-12-11 13:57:51,604 - [INFO] - from CypherBuilder.getUserToken in whatamidoing-system-akka.actor.default-dispatcher-5 
this is the token: List((01237fe5-4b21-4b7f-b31f-8f4875e64668,true), (01237fe5-4b21-4b7f-b31f-8f4875e64668,true))

2013-12-11 13:57:51,867 - [INFO] - from application in play-akka.actor.default-dispatcher-91 
start[1385856000] end [1389484800]

2013-12-11 13:57:51,873 - [INFO] - from application in play-akka.actor.default-dispatcher-91 
start[2013-12-01T00:00:00.000Z] end [2014-01-12T00:00:00.000Z]

2013-12-11 13:57:52,507 - [INFO] - from application in play-akka.actor.default-dispatcher-91 
results kodjo_baah@hotmail.com

2013-12-11 13:57:52,508 - [INFO] - from application in play-akka.actor.default-dispatcher-91 
THIS IS THE EMAIL:kodjo_baah@hotmail.com

2013-12-11 13:57:52,510 - [INFO] - from application in whatamidoing-system-akka.actor.default-dispatcher-5 

       match y-[MONTH]-m-[DAY]-d-[broadcast:BROADCAST_ON]-s-[USING]-t-[HAS_TOKEN]-u
       where u.email="kodjo_baah@hotmail.com" and (y.value >= 2013 and y.value <= 2014)
       return y.value as year, m.value as month, d.value as day, broadcast.time as time,s.id as streamId,u.email as email

       

2013-12-11 13:58:02,928 - [INFO] - from CypherWriterFunction.invalidateToken in whatamidoing-system-akka.actor.default-dispatcher-5 
this is invalidateToken: true

2013-12-11 13:58:28,358 - [INFO] - from CypherBuilder.getUserToken in whatamidoing-system-akka.actor.default-dispatcher-4 
this is the token: List()

2013-12-11 13:58:28,718 - [INFO] - from application in play-akka.actor.default-dispatcher-96 
start[1385856000] end [1389484800]

2013-12-11 13:58:28,719 - [INFO] - from application in play-akka.actor.default-dispatcher-96 
start[2013-12-01T00:00:00.000Z] end [2014-01-12T00:00:00.000Z]

2013-12-11 13:58:29,503 - [INFO] - from application in play-akka.actor.default-dispatcher-96 
results 

2013-12-11 13:58:29,504 - [INFO] - from application in play-akka.actor.default-dispatcher-96 
THIS IS THE EMAIL:

2013-12-11 13:58:29,504 - [INFO] - from application in whatamidoing-system-akka.actor.default-dispatcher-4 

       match y-[MONTH]-m-[DAY]-d-[broadcast:BROADCAST_ON]-s-[USING]-t-[HAS_TOKEN]-u
       where u.email="" and (y.value >= 2013 and y.value <= 2014)
       return y.value as year, m.value as month, d.value as day, broadcast.time as time,s.id as streamId,u.email as email

       

2013-12-11 13:58:42,416 - [INFO] - from CypherWriterFunction.invalidateToken in whatamidoing-system-akka.actor.default-dispatcher-4 
this is invalidateToken: true

2013-12-11 13:59:02,234 - [INFO] - from CypherBuilder.getUserToken in whatamidoing-system-akka.actor.default-dispatcher-7 
this is the token: List()

2013-12-11 13:59:02,624 - [INFO] - from application in play-akka.actor.default-dispatcher-106 
start[1385856000] end [1389484800]

2013-12-11 13:59:02,625 - [INFO] - from application in play-akka.actor.default-dispatcher-106 
start[2013-12-01T00:00:00.000Z] end [2014-01-12T00:00:00.000Z]

2013-12-11 13:59:03,374 - [INFO] - from application in play-akka.actor.default-dispatcher-106 
results 

2013-12-11 13:59:03,374 - [INFO] - from application in play-akka.actor.default-dispatcher-106 
THIS IS THE EMAIL:

2013-12-11 13:59:03,375 - [INFO] - from application in whatamidoing-system-akka.actor.default-dispatcher-7 

       match y-[MONTH]-m-[DAY]-d-[broadcast:BROADCAST_ON]-s-[USING]-t-[HAS_TOKEN]-u
       where u.email="" and (y.value >= 2013 and y.value <= 2014)
       return y.value as year, m.value as month, d.value as day, broadcast.time as time,s.id as streamId,u.email as email

       

2013-12-11 13:59:59,480 - [INFO] - from CypherWriterFunction.invalidateToken in whatamidoing-system-akka.actor.default-dispatcher-8 
this is invalidateToken: true

2013-12-11 14:00:07,330 - [INFO] - from CypherBuilder.getUserToken in whatamidoing-system-akka.actor.default-dispatcher-8 
this is the token: List()

2013-12-11 14:00:07,720 - [INFO] - from application in play-akka.actor.default-dispatcher-111 
start[1385856000] end [1389484800]

2013-12-11 14:00:07,721 - [INFO] - from application in play-akka.actor.default-dispatcher-111 
start[2013-12-01T00:00:00.000Z] end [2014-01-12T00:00:00.000Z]

2013-12-11 14:00:08,507 - [INFO] - from application in play-akka.actor.default-dispatcher-111 
results 

2013-12-11 14:00:08,507 - [INFO] - from application in play-akka.actor.default-dispatcher-111 
THIS IS THE EMAIL:

2013-12-11 14:00:08,507 - [INFO] - from application in whatamidoing-system-akka.actor.default-dispatcher-8 

       match y-[MONTH]-m-[DAY]-d-[broadcast:BROADCAST_ON]-s-[USING]-t-[HAS_TOKEN]-u
       where u.email="" and (y.value >= 2013 and y.value <= 2014)
       return y.value as year, m.value as month, d.value as day, broadcast.time as time,s.id as streamId,u.email as email

       

2013-12-11 14:00:31,847 - [INFO] - from application in play-akka.actor.default-dispatcher-109 
start[1382828400] end [1386460800]

2013-12-11 14:00:31,847 - [INFO] - from application in play-akka.actor.default-dispatcher-109 
start[2013-10-27T00:00:00.000+01:00] end [2013-12-08T00:00:00.000Z]

2013-12-11 14:00:32,418 - [INFO] - from application in play-akka.actor.default-dispatcher-109 
results 

2013-12-11 14:00:32,419 - [INFO] - from application in play-akka.actor.default-dispatcher-109 
THIS IS THE EMAIL:

2013-12-11 14:00:32,419 - [INFO] - from application in whatamidoing-system-akka.actor.default-dispatcher-8 

      match y-[MONTH]-m-[DAY]-d-[broadcast:BROADCAST_ON]-s-[USING]-t-[HAS_TOKEN]-u
      where u.email="" and (y.value >= 2013 and y.value <= 2013)
      and (m.value >= 10 and m.value <= 12)
      return y.value as year, m.value as month, d.value as day, broadcast.time as time,s.id as streamId,u.email as email

       

2013-12-11 14:06:57,936 - [INFO] - from play in play-internal-execution-context-21 
Application started (Dev)

2013-12-11 14:07:18,863 - [INFO] - from akka.event.slf4j.Slf4jEventHandler in whatamidoing-system-akka.actor.default-dispatcher-3 
Slf4jLogger started

2013-12-11 14:07:18,867 - [WARN] - from akka.event.slf4j.Slf4jEventHandler in whatamidoing-system-akka.actor.default-dispatcher-3 
[akka.event.slf4j.Slf4jEventHandler] is depreceated, use [akka.event.slf4j.Slf4jLogger] instead

2013-12-11 14:07:18,873 - [DEBUG] - from akka.event.EventStream in whatamidoing-system-akka.actor.default-dispatcher-3 
logger log1-Slf4jEventHandler started

2013-12-11 14:07:18,873 - [DEBUG] - from akka.event.EventStream in whatamidoing-system-akka.actor.default-dispatcher-3 
Default Loggers started

2013-12-11 14:07:19,070 - [INFO] - from CypherBuilder.getUserToken in whatamidoing-system-akka.actor.default-dispatcher-6 
this is the token: List()

2013-12-11 14:07:19,490 - [INFO] - from application in play-akka.actor.default-dispatcher-120 
start[1385856000] end [1389484800]

2013-12-11 14:07:19,491 - [INFO] - from application in play-akka.actor.default-dispatcher-120 
start[2013-12-01T00:00:00.000Z] end [2014-01-12T00:00:00.000Z]

2013-12-11 14:07:20,108 - [INFO] - from application in play-akka.actor.default-dispatcher-120 
results 

2013-12-11 14:07:20,108 - [INFO] - from application in play-akka.actor.default-dispatcher-120 
THIS IS THE EMAIL:

2013-12-11 14:07:20,110 - [INFO] - from application in whatamidoing-system-akka.actor.default-dispatcher-6 

       match y-[MONTH]-m-[DAY]-d-[broadcast:BROADCAST_ON]-s-[USING]-t-[HAS_TOKEN]-u
       where u.email="" and (y.value >= 2013 and y.value <= 2014)
       return y.value as year, m.value as month, d.value as day, broadcast.time as time,s.id as streamId,u.email as email

       

2013-12-11 14:07:30,676 - [INFO] - from CypherWriterFunction.invalidateToken in whatamidoing-system-akka.actor.default-dispatcher-6 
this is invalidateToken: true

2013-12-11 14:07:40,280 - [INFO] - from CypherBuilder.getUserToken in whatamidoing-system-akka.actor.default-dispatcher-3 
this is the token: List()

2013-12-11 14:07:40,677 - [INFO] - from application in play-akka.actor.default-dispatcher-121 
start[1385856000] end [1389484800]

2013-12-11 14:07:40,677 - [INFO] - from application in play-akka.actor.default-dispatcher-121 
start[2013-12-01T00:00:00.000Z] end [2014-01-12T00:00:00.000Z]

2013-12-11 14:07:41,321 - [INFO] - from application in play-akka.actor.default-dispatcher-121 
results 

2013-12-11 14:07:41,322 - [INFO] - from application in play-akka.actor.default-dispatcher-121 
THIS IS THE EMAIL:

2013-12-11 14:07:41,322 - [INFO] - from application in whatamidoing-system-akka.actor.default-dispatcher-3 

       match y-[MONTH]-m-[DAY]-d-[broadcast:BROADCAST_ON]-s-[USING]-t-[HAS_TOKEN]-u
       where u.email="" and (y.value >= 2013 and y.value <= 2014)
       return y.value as year, m.value as month, d.value as day, broadcast.time as time,s.id as streamId,u.email as email

       

2013-12-11 14:08:24,319 - [INFO] - from CypherWriterFunction.invalidateToken in whatamidoing-system-akka.actor.default-dispatcher-7 
this is invalidateToken: true

2013-12-11 14:08:43,026 - [INFO] - from CypherBuilder.getUserToken in whatamidoing-system-akka.actor.default-dispatcher-2 
this is the token: List()

2013-12-11 14:08:43,095 - [INFO] - from CypherBuilder.getUserToken in whatamidoing-system-akka.actor.default-dispatcher-2 
this is the token: List()

2013-12-11 14:08:43,470 - [INFO] - from application in play-akka.actor.default-dispatcher-130 
start[1385856000] end [1389484800]

2013-12-11 14:08:43,471 - [INFO] - from application in play-akka.actor.default-dispatcher-130 
start[2013-12-01T00:00:00.000Z] end [2014-01-12T00:00:00.000Z]

2013-12-11 14:08:44,110 - [INFO] - from application in play-akka.actor.default-dispatcher-130 
results 

2013-12-11 14:08:44,111 - [INFO] - from application in play-akka.actor.default-dispatcher-130 
THIS IS THE EMAIL:

2013-12-11 14:08:44,111 - [INFO] - from application in whatamidoing-system-akka.actor.default-dispatcher-2 

       match y-[MONTH]-m-[DAY]-d-[broadcast:BROADCAST_ON]-s-[USING]-t-[HAS_TOKEN]-u
       where u.email="" and (y.value >= 2013 and y.value <= 2014)
       return y.value as year, m.value as month, d.value as day, broadcast.time as time,s.id as streamId,u.email as email

       

2013-12-11 14:10:59,814 - [INFO] - from play in play-internal-execution-context-29 
Application started (Dev)

2013-12-11 14:10:59,847 - [INFO] - from akka.event.slf4j.Slf4jEventHandler in whatamidoing-system-akka.actor.default-dispatcher-2 
Slf4jLogger started

2013-12-11 14:10:59,850 - [WARN] - from akka.event.slf4j.Slf4jEventHandler in whatamidoing-system-akka.actor.default-dispatcher-2 
[akka.event.slf4j.Slf4jEventHandler] is depreceated, use [akka.event.slf4j.Slf4jLogger] instead

2013-12-11 14:10:59,850 - [DEBUG] - from akka.event.EventStream in whatamidoing-system-akka.actor.default-dispatcher-2 
logger log1-Slf4jEventHandler started

2013-12-11 14:10:59,851 - [DEBUG] - from akka.event.EventStream in whatamidoing-system-akka.actor.default-dispatcher-2 
Default Loggers started

2013-12-11 14:10:59,878 - [INFO] - from CypherWriterFunction.invalidateToken in whatamidoing-system-akka.actor.default-dispatcher-2 
this is invalidateToken: true

2013-12-11 14:11:25,300 - [INFO] - from CypherBuilder.getUserToken in whatamidoing-system-akka.actor.default-dispatcher-8 
this is the token: List()

2013-12-11 14:11:25,301 - [INFO] - from application in play-akka.actor.default-dispatcher-138 
active token associated with user[-1]

2013-12-11 14:11:25,301 - [INFO] - from application in play-akka.actor.default-dispatcher-138 
active token associated with user[-1]

2013-12-11 14:11:25,654 - [INFO] - from application in play-akka.actor.default-dispatcher-139 
start[1385856000] end [1389484800]

2013-12-11 14:11:25,654 - [INFO] - from application in play-akka.actor.default-dispatcher-139 
start[2013-12-01T00:00:00.000Z] end [2014-01-12T00:00:00.000Z]

2013-12-11 14:11:26,421 - [INFO] - from application in play-akka.actor.default-dispatcher-139 
results 

2013-12-11 14:11:26,421 - [INFO] - from application in play-akka.actor.default-dispatcher-139 
THIS IS THE EMAIL:

2013-12-11 14:11:26,423 - [INFO] - from application in whatamidoing-system-akka.actor.default-dispatcher-8 

       match y-[MONTH]-m-[DAY]-d-[broadcast:BROADCAST_ON]-s-[USING]-t-[HAS_TOKEN]-u
       where u.email="" and (y.value >= 2013 and y.value <= 2014)
       return y.value as year, m.value as month, d.value as day, broadcast.time as time,s.id as streamId,u.email as email

       

2013-12-11 14:13:04,029 - [INFO] - from play in play-internal-execution-context-29 
Application started (Dev)

2013-12-11 14:13:04,059 - [INFO] - from akka.event.slf4j.Slf4jEventHandler in whatamidoing-system-akka.actor.default-dispatcher-2 
Slf4jLogger started

2013-12-11 14:13:04,066 - [WARN] - from akka.event.slf4j.Slf4jEventHandler in whatamidoing-system-akka.actor.default-dispatcher-2 
[akka.event.slf4j.Slf4jEventHandler] is depreceated, use [akka.event.slf4j.Slf4jLogger] instead

2013-12-11 14:13:04,067 - [DEBUG] - from akka.event.EventStream in whatamidoing-system-akka.actor.default-dispatcher-2 
logger log1-Slf4jEventHandler started

2013-12-11 14:13:04,067 - [DEBUG] - from akka.event.EventStream in whatamidoing-system-akka.actor.default-dispatcher-2 
Default Loggers started

2013-12-11 14:13:04,103 - [INFO] - from CypherWriterFunction.invalidateToken in whatamidoing-system-akka.actor.default-dispatcher-4 
this is invalidateToken: true

2013-12-11 14:13:35,879 - [INFO] - from CypherBuilder.getUserToken in whatamidoing-system-akka.actor.default-dispatcher-5 
this is the token: List()

2013-12-11 14:13:35,879 - [INFO] - from application in play-akka.actor.default-dispatcher-153 
active token associated with user[-1]

2013-12-11 14:13:35,898 - [INFO] - from ActorUtils.createTokenForUser in play-akka.actor.default-dispatcher-153 
token[9d8fc2f2-a616-4622-8ab1-4918bfd32418] email[kodjo_baah@hotmail.com]

2013-12-11 14:13:36,231 - [INFO] - from CypherWriterFunction.createTokenForUser in whatamidoing-system-akka.actor.default-dispatcher-5 
this is createTokenForUser: true

2013-12-11 14:13:36,231 - [INFO] - from application in play-akka.actor.default-dispatcher-153 
active token associated with user[9d8fc2f2-a616-4622-8ab1-4918bfd32418]

2013-12-11 14:13:36,631 - [INFO] - from application in play-akka.actor.default-dispatcher-154 
start[1385856000] end [1389484800]

2013-12-11 14:13:36,631 - [INFO] - from application in play-akka.actor.default-dispatcher-154 
start[2013-12-01T00:00:00.000Z] end [2014-01-12T00:00:00.000Z]

2013-12-11 14:13:37,263 - [INFO] - from application in play-akka.actor.default-dispatcher-154 
results kodjo_baah@hotmail.com

2013-12-11 14:13:37,264 - [INFO] - from application in play-akka.actor.default-dispatcher-154 
THIS IS THE EMAIL:kodjo_baah@hotmail.com

2013-12-11 14:13:37,266 - [INFO] - from application in whatamidoing-system-akka.actor.default-dispatcher-5 

       match y-[MONTH]-m-[DAY]-d-[broadcast:BROADCAST_ON]-s-[USING]-t-[HAS_TOKEN]-u
       where u.email="kodjo_baah@hotmail.com" and (y.value >= 2013 and y.value <= 2014)
       return y.value as year, m.value as month, d.value as day, broadcast.time as time,s.id as streamId,u.email as email

       

2013-12-11 14:13:47,377 - [INFO] - from application in whatamidoing-system-akka.actor.default-dispatcher-5 

          match (s)-[TO_WATCH]-(i)-[ACCEPTED_ON]->(d)
          where s.id = "stream-id-0"
          with i
          match (i)<-[RECIEVED]-(u)
          return u.email as email, u.firstName as firstName, u.lastName as lastName
    

2013-12-11 14:13:49,110 - [INFO] - from application in whatamidoing-system-akka.actor.default-dispatcher-5 

     match s-[t:TO_WATCH]-i
     where s.id = "stream-id-0"
     with i
     match i-[RECEIVED]-u
     where u.email is not null
    return u.email as email, u.firstName as firstName, u.lastName as lastName
    

2013-12-11 14:14:24,256 - [INFO] - from CypherWriterFunction.invalidateToken in whatamidoing-system-akka.actor.default-dispatcher-3 
this is invalidateToken: true

2013-12-11 14:14:33,348 - [INFO] - from CypherBuilder.getUserToken in whatamidoing-system-akka.actor.default-dispatcher-3 
this is the token: List()

2013-12-11 14:14:33,348 - [INFO] - from application in play-akka.actor.default-dispatcher-163 
active token associated with user[-1]

2013-12-11 14:14:33,349 - [INFO] - from ActorUtils.createTokenForUser in play-akka.actor.default-dispatcher-163 
token[a5d24fa9-1b9c-414c-878b-56c7eeca3000] email[kodjo_baah@hotmail.com]

2013-12-11 14:14:33,911 - [INFO] - from CypherWriterFunction.createTokenForUser in whatamidoing-system-akka.actor.default-dispatcher-3 
this is createTokenForUser: true

2013-12-11 14:14:33,912 - [INFO] - from application in play-akka.actor.default-dispatcher-163 
active token associated with user[a5d24fa9-1b9c-414c-878b-56c7eeca3000]

2013-12-11 14:14:34,172 - [INFO] - from application in play-akka.actor.default-dispatcher-153 
start[1385856000] end [1389484800]

2013-12-11 14:14:34,172 - [INFO] - from application in play-akka.actor.default-dispatcher-153 
start[2013-12-01T00:00:00.000Z] end [2014-01-12T00:00:00.000Z]

2013-12-11 14:14:34,776 - [INFO] - from application in play-akka.actor.default-dispatcher-153 
results kodjo_baah@hotmail.com

2013-12-11 14:14:34,776 - [INFO] - from application in play-akka.actor.default-dispatcher-153 
THIS IS THE EMAIL:kodjo_baah@hotmail.com

2013-12-11 14:14:34,777 - [INFO] - from application in whatamidoing-system-akka.actor.default-dispatcher-3 

       match y-[MONTH]-m-[DAY]-d-[broadcast:BROADCAST_ON]-s-[USING]-t-[HAS_TOKEN]-u
       where u.email="kodjo_baah@hotmail.com" and (y.value >= 2013 and y.value <= 2014)
       return y.value as year, m.value as month, d.value as day, broadcast.time as time,s.id as streamId,u.email as email

       

2013-12-11 14:15:37,213 - [INFO] - from play in play-internal-execution-context-32 
Application started (Dev)

2013-12-11 14:15:39,094 - [INFO] - from application in play-akka.actor.default-dispatcher-166 
start[1385856000] end [1389484800]

2013-12-11 14:15:39,096 - [INFO] - from application in play-akka.actor.default-dispatcher-166 
start[2013-12-01T00:00:00.000Z] end [2014-01-12T00:00:00.000Z]

2013-12-11 14:15:39,114 - [INFO] - from akka.event.slf4j.Slf4jEventHandler in whatamidoing-system-akka.actor.default-dispatcher-3 
Slf4jLogger started

2013-12-11 14:15:39,115 - [WARN] - from akka.event.slf4j.Slf4jEventHandler in whatamidoing-system-akka.actor.default-dispatcher-3 
[akka.event.slf4j.Slf4jEventHandler] is depreceated, use [akka.event.slf4j.Slf4jLogger] instead

2013-12-11 14:15:39,116 - [DEBUG] - from akka.event.EventStream in whatamidoing-system-akka.actor.default-dispatcher-3 
logger log1-Slf4jEventHandler started

2013-12-11 14:15:39,116 - [DEBUG] - from akka.event.EventStream in whatamidoing-system-akka.actor.default-dispatcher-3 
Default Loggers started

2013-12-11 14:15:39,859 - [INFO] - from application in play-akka.actor.default-dispatcher-166 
results kodjo_baah@hotmail.com

2013-12-11 14:15:39,859 - [INFO] - from application in play-akka.actor.default-dispatcher-166 
THIS IS THE EMAIL:kodjo_baah@hotmail.com

2013-12-11 14:15:39,861 - [INFO] - from application in whatamidoing-system-akka.actor.default-dispatcher-9 

       match y-[MONTH]-m-[DAY]-d-[broadcast:BROADCAST_ON]-s-[USING]-t-[HAS_TOKEN]-u
       where u.email="kodjo_baah@hotmail.com" and (y.value >= 2013 and y.value <= 2014)
       return y.value as year, m.value as month, d.value as day, broadcast.time as time,s.id as streamId,u.email as email

       

2013-12-11 14:20:43,116 - [INFO] - from play in play-internal-execution-context-35 
Application started (Dev)

2013-12-11 14:20:44,897 - [INFO] - from application in play-akka.actor.default-dispatcher-176 
start[1385856000] end [1389484800]

2013-12-11 14:20:44,900 - [INFO] - from application in play-akka.actor.default-dispatcher-176 
start[2013-12-01T00:00:00.000Z] end [2014-01-12T00:00:00.000Z]

2013-12-11 14:20:44,914 - [INFO] - from akka.event.slf4j.Slf4jEventHandler in whatamidoing-system-akka.actor.default-dispatcher-2 
Slf4jLogger started

2013-12-11 14:20:44,914 - [WARN] - from akka.event.slf4j.Slf4jEventHandler in whatamidoing-system-akka.actor.default-dispatcher-2 
[akka.event.slf4j.Slf4jEventHandler] is depreceated, use [akka.event.slf4j.Slf4jLogger] instead

2013-12-11 14:20:44,915 - [DEBUG] - from akka.event.EventStream in whatamidoing-system-akka.actor.default-dispatcher-2 
logger log1-Slf4jEventHandler started

2013-12-11 14:20:44,915 - [DEBUG] - from akka.event.EventStream in whatamidoing-system-akka.actor.default-dispatcher-2 
Default Loggers started

2013-12-11 14:20:45,630 - [INFO] - from application in play-akka.actor.default-dispatcher-176 
results kodjo_baah@hotmail.com

2013-12-11 14:20:45,630 - [INFO] - from application in play-akka.actor.default-dispatcher-176 
THIS IS THE EMAIL:kodjo_baah@hotmail.com

2013-12-11 14:20:45,632 - [INFO] - from application in whatamidoing-system-akka.actor.default-dispatcher-7 

       match y-[MONTH]-m-[DAY]-d-[broadcast:BROADCAST_ON]-s-[USING]-t-[HAS_TOKEN]-u
       where u.email="kodjo_baah@hotmail.com" and (y.value >= 2013 and y.value <= 2014)
       return y.value as year, m.value as month, d.value as day, broadcast.time as time,s.id as streamId,u.email as email

       

2013-12-11 14:22:53,053 - [INFO] - from play in play-internal-execution-context-35 
Application started (Dev)

2013-12-11 14:22:54,822 - [INFO] - from application in play-akka.actor.default-dispatcher-184 
start[1385856000] end [1389484800]

2013-12-11 14:22:54,823 - [INFO] - from application in play-akka.actor.default-dispatcher-184 
start[2013-12-01T00:00:00.000Z] end [2014-01-12T00:00:00.000Z]

2013-12-11 14:22:54,857 - [INFO] - from akka.event.slf4j.Slf4jEventHandler in whatamidoing-system-akka.actor.default-dispatcher-3 
Slf4jLogger started

2013-12-11 14:22:54,857 - [WARN] - from akka.event.slf4j.Slf4jEventHandler in whatamidoing-system-akka.actor.default-dispatcher-3 
[akka.event.slf4j.Slf4jEventHandler] is depreceated, use [akka.event.slf4j.Slf4jLogger] instead

2013-12-11 14:22:54,859 - [DEBUG] - from akka.event.EventStream in whatamidoing-system-akka.actor.default-dispatcher-3 
logger log1-Slf4jEventHandler started

2013-12-11 14:22:54,859 - [DEBUG] - from akka.event.EventStream in whatamidoing-system-akka.actor.default-dispatcher-3 
Default Loggers started

2013-12-11 14:22:55,492 - [INFO] - from application in play-akka.actor.default-dispatcher-184 
results kodjo_baah@hotmail.com

2013-12-11 14:22:55,492 - [INFO] - from application in play-akka.actor.default-dispatcher-184 
THIS IS THE EMAIL:kodjo_baah@hotmail.com

2013-12-11 14:22:55,494 - [INFO] - from application in whatamidoing-system-akka.actor.default-dispatcher-9 

       match y-[MONTH]-m-[DAY]-d-[broadcast:BROADCAST_ON]-s-[USING]-t-[HAS_TOKEN]-u
       where u.email="kodjo_baah@hotmail.com" and (y.value >= 2013 and y.value <= 2014)
       return y.value as year, m.value as month, d.value as day, broadcast.time as time,s.id as streamId,u.email as email

       

2013-12-11 14:23:48,620 - [INFO] - from play in play-internal-execution-context-37 
Application started (Dev)

2013-12-11 14:23:50,405 - [INFO] - from application in play-akka.actor.default-dispatcher-192 
start[1385856000] end [1389484800]

2013-12-11 14:23:50,406 - [INFO] - from application in play-akka.actor.default-dispatcher-192 
start[2013-12-01T00:00:00.000Z] end [2014-01-12T00:00:00.000Z]

2013-12-11 14:23:50,427 - [INFO] - from akka.event.slf4j.Slf4jEventHandler in whatamidoing-system-akka.actor.default-dispatcher-3 
Slf4jLogger started

2013-12-11 14:23:50,427 - [WARN] - from akka.event.slf4j.Slf4jEventHandler in whatamidoing-system-akka.actor.default-dispatcher-3 
[akka.event.slf4j.Slf4jEventHandler] is depreceated, use [akka.event.slf4j.Slf4jLogger] instead

2013-12-11 14:23:50,431 - [DEBUG] - from akka.event.EventStream in whatamidoing-system-akka.actor.default-dispatcher-3 
logger log1-Slf4jEventHandler started

2013-12-11 14:23:50,431 - [DEBUG] - from akka.event.EventStream in whatamidoing-system-akka.actor.default-dispatcher-3 
Default Loggers started

2013-12-11 14:23:51,184 - [INFO] - from application in play-akka.actor.default-dispatcher-192 
results kodjo_baah@hotmail.com

2013-12-11 14:23:51,184 - [INFO] - from application in play-akka.actor.default-dispatcher-192 
THIS IS THE EMAIL:kodjo_baah@hotmail.com

2013-12-11 14:23:51,186 - [INFO] - from application in whatamidoing-system-akka.actor.default-dispatcher-3 

       match y-[MONTH]-m-[DAY]-d-[broadcast:BROADCAST_ON]-s-[USING]-t-[HAS_TOKEN]-u
       where u.email="kodjo_baah@hotmail.com" and (y.value >= 2013 and y.value <= 2014)
       return y.value as year, m.value as month, d.value as day, broadcast.time as time,s.id as streamId,u.email as email

       

